INFO 2023-01-03 17:27:02,604: <<autoreload>> - <</home/ubuntuvm/DevProjects/DjangoProjects/News_Portal/venv/lib/python3.10/site-packages/django/utils/autoreload.py>> -- "Watching for file changes with StatReloader"
WARNING 2023-01-03 17:27:08,064: <<log>> - <</home/ubuntuvm/DevProjects/DjangoProjects/News_Portal/venv/lib/python3.10/site-packages/django/utils/log.py>> -- "Not Found: /news/js/scripts.js"
INFO 2023-01-03 17:28:07,913: <<autoreload>> - <</home/ubuntuvm/DevProjects/DjangoProjects/News_Portal/venv/lib/python3.10/site-packages/django/utils/autoreload.py>> -- "/home/ubuntuvm/DevProjects/DjangoProjects/News_Portal/Project/News_Portal/News_Portal/settings.py changed, reloading."
INFO 2023-01-03 17:28:08,390: <<autoreload>> - "Watching for file changes with StatReloader" -- <</home/ubuntuvm/DevProjects/DjangoProjects/News_Portal/venv/lib/python3.10/site-packages/django/utils/autoreload.py>>
INFO 2023-01-03 17:30:21,361: <<autoreload>> - "/home/ubuntuvm/DevProjects/DjangoProjects/News_Portal/Project/News_Portal/News_Portal/settings.py changed, reloading." -- <</home/ubuntuvm/DevProjects/DjangoProjects/News_Portal/venv/lib/python3.10/site-packages/django/utils/autoreload.py>>
INFO 2023-01-03 17:30:21,768: <<autoreload>> - "Watching for file changes with StatReloader" -- <</home/ubuntuvm/DevProjects/DjangoProjects/News_Portal/venv/lib/python3.10/site-packages/django/utils/autoreload.py>>
WARNING 2023-01-03 17:30:32,272: <<log>> - "Not Found: /news/js/scripts.js" -- <</home/ubuntuvm/DevProjects/DjangoProjects/News_Portal/venv/lib/python3.10/site-packages/django/utils/log.py>>
INFO 2023-01-03 17:31:02,832: <<autoreload>> - "/home/ubuntuvm/DevProjects/DjangoProjects/News_Portal/Project/News_Portal/News_Portal/settings.py changed, reloading." -- <</home/ubuntuvm/DevProjects/DjangoProjects/News_Portal/venv/lib/python3.10/site-packages/django/utils/autoreload.py>>
INFO 2023-01-03 17:31:03,251: <<autoreload>> - "Watching for file changes with StatReloader" -- <</home/ubuntuvm/DevProjects/DjangoProjects/News_Portal/venv/lib/python3.10/site-packages/django/utils/autoreload.py>>
WARNING 2023-01-03 17:31:09,928: <<log>> - "Not Found: /news/js/scripts.js" -- <</home/ubuntuvm/DevProjects/DjangoProjects/News_Portal/venv/lib/python3.10/site-packages/django/utils/log.py>>
INFO 2023-01-03 17:37:48,828: <<autoreload>> - "/home/ubuntuvm/DevProjects/DjangoProjects/News_Portal/Project/News_Portal/News_Portal/settings.py changed, reloading." -- <</home/ubuntuvm/DevProjects/DjangoProjects/News_Portal/venv/lib/python3.10/site-packages/django/utils/autoreload.py>>
INFO 2023-01-03 17:37:49,266: <<autoreload>> - "Watching for file changes with StatReloader" -- <</home/ubuntuvm/DevProjects/DjangoProjects/News_Portal/venv/lib/python3.10/site-packages/django/utils/autoreload.py>>
WARNING 2023-01-03 17:38:26,044: <<log>> - "Not Found: /news/js/scripts.js" -- <</home/ubuntuvm/DevProjects/DjangoProjects/News_Portal/venv/lib/python3.10/site-packages/django/utils/log.py>>
INFO 2023-01-03 17:39:00,538: <<autoreload>> - "/home/ubuntuvm/DevProjects/DjangoProjects/News_Portal/Project/News_Portal/News_Portal/settings.py changed, reloading." -- <</home/ubuntuvm/DevProjects/DjangoProjects/News_Portal/venv/lib/python3.10/site-packages/django/utils/autoreload.py>>
INFO 2023-01-03 17:39:01,021: <<autoreload>> - "Watching for file changes with StatReloader" -- <</home/ubuntuvm/DevProjects/DjangoProjects/News_Portal/venv/lib/python3.10/site-packages/django/utils/autoreload.py>>
WARNING 2023-01-03 17:39:05,441: <<log>> - "Not Found: /news/js/scripts.js" -- <</home/ubuntuvm/DevProjects/DjangoProjects/News_Portal/venv/lib/python3.10/site-packages/django/utils/log.py>>
INFO 2023-01-03 17:40:07,263: <<autoreload>> - "/home/ubuntuvm/DevProjects/DjangoProjects/News_Portal/Project/News_Portal/News_Portal/settings.py changed, reloading." -- <</home/ubuntuvm/DevProjects/DjangoProjects/News_Portal/venv/lib/python3.10/site-packages/django/utils/autoreload.py>>
INFO 2023-01-03 17:41:14,773: <<autoreload>> - "Watching for file changes with StatReloader" -- <</home/ubuntuvm/DevProjects/DjangoProjects/News_Portal/venv/lib/python3.10/site-packages/django/utils/autoreload.py>>
INFO 2023-01-03 17:42:21,190: <<autoreload>> - "/home/ubuntuvm/DevProjects/DjangoProjects/News_Portal/Project/News_Portal/News_Portal/settings.py changed, reloading." -- <</home/ubuntuvm/DevProjects/DjangoProjects/News_Portal/venv/lib/python3.10/site-packages/django/utils/autoreload.py>>
INFO 2023-01-03 17:43:01,374: <<autoreload>> - "Watching for file changes with StatReloader" -- <</home/ubuntuvm/DevProjects/DjangoProjects/News_Portal/venv/lib/python3.10/site-packages/django/utils/autoreload.py>>
WARNING 2023-01-03 17:43:05,372: <<log>> - "Not Found: /news/js/scripts.js" -- <</home/ubuntuvm/DevProjects/DjangoProjects/News_Portal/venv/lib/python3.10/site-packages/django/utils/log.py>>
INFO 2023-01-03 17:54:02,346: <<autoreload>> - "/home/ubuntuvm/DevProjects/DjangoProjects/News_Portal/Project/News_Portal/News_Portal/settings.py changed, reloading." -- <</home/ubuntuvm/DevProjects/DjangoProjects/News_Portal/venv/lib/python3.10/site-packages/django/utils/autoreload.py>>
INFO 2023-01-03 17:54:02,803: <<autoreload>> - "Watching for file changes with StatReloader" -- <</home/ubuntuvm/DevProjects/DjangoProjects/News_Portal/venv/lib/python3.10/site-packages/django/utils/autoreload.py>>
WARNING 2023-01-03 17:54:11,695: <<log>> - "Not Found: /news/js/scripts.js" -- <</home/ubuntuvm/DevProjects/DjangoProjects/News_Portal/venv/lib/python3.10/site-packages/django/utils/log.py>>
